Build started 12/4/2016 1:59:01 AM.
     1>Project "C:\Users\Matthew\Desktop\gitStuff\mkl\CS3113\assignment5\assignment5\assignment5.vcxproj" on node 2 (Build target(s)).
     1>ClCompile:
         C:\Program Files (x86)\Microsoft Visual Studio 12.0\VC\bin\CL.exe /c /IC:\SDL2\include /IC:\SDL2_image\include /IC:\glew\include /IC:\SDL2_mixer\include /ZI /nologo /W3 /WX- /sdl /Od /Oy- /D _WINDOWS /D _MBCS /D _MBCS /Gm /EHsc /RTC1 /MDd /GS /fp:precise /Zc:wchar_t /Zc:forScope /Fo"Debug\\" /Fd"Debug\vc120.pdb" /Gd /TP /analyze- /errorReport:prompt main.cpp
         main.cpp
     1>c:\users\matthew\desktop\gitstuff\mkl\cs3113\assignment5\assignment5\main.cpp(128): warning C4305: 'initializing' : truncation from 'double' to 'float'
     1>c:\users\matthew\desktop\gitstuff\mkl\cs3113\assignment5\assignment5\main.cpp(133): warning C4244: 'initializing' : conversion from 'double' to 'float', possible loss of data
     1>c:\users\matthew\desktop\gitstuff\mkl\cs3113\assignment5\assignment5\main.cpp(134): warning C4244: 'initializing' : conversion from 'double' to 'float', possible loss of data
     1>c:\users\matthew\desktop\gitstuff\mkl\cs3113\assignment5\assignment5\main.cpp(161): warning C4244: 'return' : conversion from 'double' to 'float', possible loss of data
     1>c:\users\matthew\desktop\gitstuff\mkl\cs3113\assignment5\assignment5\main.cpp(167): warning C4244: '=' : conversion from 'float' to 'int', possible loss of data
     1>c:\users\matthew\desktop\gitstuff\mkl\cs3113\assignment5\assignment5\main.cpp(186): warning C4018: '<' : signed/unsigned mismatch
     1>c:\users\matthew\desktop\gitstuff\mkl\cs3113\assignment5\assignment5\main.cpp(189): warning C4018: '<' : signed/unsigned mismatch
     1>c:\users\matthew\desktop\gitstuff\mkl\cs3113\assignment5\assignment5\main.cpp(202): warning C4244: 'initializing' : conversion from 'double' to 'float', possible loss of data
     1>c:\users\matthew\desktop\gitstuff\mkl\cs3113\assignment5\assignment5\main.cpp(203): warning C4244: 'initializing' : conversion from 'double' to 'float', possible loss of data
     1>c:\users\matthew\desktop\gitstuff\mkl\cs3113\assignment5\assignment5\main.cpp(205): warning C4244: 'initializing' : conversion from 'double' to 'float', possible loss of data
     1>c:\users\matthew\desktop\gitstuff\mkl\cs3113\assignment5\assignment5\main.cpp(214): warning C4018: '<' : signed/unsigned mismatch
     1>c:\users\matthew\desktop\gitstuff\mkl\cs3113\assignment5\assignment5\main.cpp(231): warning C4018: '<' : signed/unsigned mismatch
     1>c:\users\matthew\desktop\gitstuff\mkl\cs3113\assignment5\assignment5\main.cpp(279): warning C4305: 'argument' : truncation from 'double' to 'float'
     1>c:\users\matthew\desktop\gitstuff\mkl\cs3113\assignment5\assignment5\main.cpp(289): warning C4305: 'argument' : truncation from 'double' to 'float'
     1>c:\users\matthew\desktop\gitstuff\mkl\cs3113\assignment5\assignment5\main.cpp(290): warning C4305: 'argument' : truncation from 'double' to 'float'
     1>c:\users\matthew\desktop\gitstuff\mkl\cs3113\assignment5\assignment5\main.cpp(291): warning C4305: '=' : truncation from 'double' to 'float'
     1>c:\users\matthew\desktop\gitstuff\mkl\cs3113\assignment5\assignment5\main.cpp(295): warning C4018: '<' : signed/unsigned mismatch
     1>c:\users\matthew\desktop\gitstuff\mkl\cs3113\assignment5\assignment5\main.cpp(297): warning C4018: '<' : signed/unsigned mismatch
     1>c:\users\matthew\desktop\gitstuff\mkl\cs3113\assignment5\assignment5\main.cpp(342): warning C4244: 'argument' : conversion from 'double' to 'float', possible loss of data
     1>c:\users\matthew\desktop\gitstuff\mkl\cs3113\assignment5\assignment5\main.cpp(364): warning C4305: '-=' : truncation from 'double' to 'float'
     1>c:\users\matthew\desktop\gitstuff\mkl\cs3113\assignment5\assignment5\main.cpp(368): warning C4305: '+=' : truncation from 'double' to 'float'
     1>c:\users\matthew\desktop\gitstuff\mkl\cs3113\assignment5\assignment5\main.cpp(386): warning C4018: '<' : signed/unsigned mismatch
     1>c:\users\matthew\desktop\gitstuff\mkl\cs3113\assignment5\assignment5\main.cpp(411): warning C4018: '<' : signed/unsigned mismatch
     1>c:\users\matthew\desktop\gitstuff\mkl\cs3113\assignment5\assignment5\main.cpp(413): warning C4018: '<' : signed/unsigned mismatch
     1>c:\users\matthew\desktop\gitstuff\mkl\cs3113\assignment5\assignment5\main.cpp(420): warning C4018: '<' : signed/unsigned mismatch
     1>c:\users\matthew\desktop\gitstuff\mkl\cs3113\assignment5\assignment5\main.cpp(421): warning C4018: '<' : signed/unsigned mismatch
     1>c:\users\matthew\desktop\gitstuff\mkl\cs3113\assignment5\assignment5\main.cpp(426): warning C4244: '+=' : conversion from 'double' to 'float', possible loss of data
     1>c:\users\matthew\desktop\gitstuff\mkl\cs3113\assignment5\assignment5\main.cpp(427): warning C4244: '+=' : conversion from 'double' to 'float', possible loss of data
     1>c:\users\matthew\desktop\gitstuff\mkl\cs3113\assignment5\assignment5\main.cpp(429): warning C4244: '-=' : conversion from 'double' to 'float', possible loss of data
     1>c:\users\matthew\desktop\gitstuff\mkl\cs3113\assignment5\assignment5\main.cpp(430): warning C4244: '-=' : conversion from 'double' to 'float', possible loss of data
     1>c:\users\matthew\desktop\gitstuff\mkl\cs3113\assignment5\assignment5\main.cpp(440): warning C4018: '<' : signed/unsigned mismatch
       Link:
         C:\Program Files (x86)\Microsoft Visual Studio 12.0\VC\bin\link.exe /ERRORREPORT:PROMPT /OUT:"C:\Users\Matthew\Desktop\gitStuff\mkl\CS3113\assignment5\Debug\assignment5.exe" /INCREMENTAL /NOLOGO /LIBPATH:C:\SDL2_mixer\lib\x86 /LIBPATH:C:\SDL2\lib\x86 /LIBPATH:C:\SDL2_image\lib\x86 /LIBPATH:C:\glew\lib\Release\Win32 SDL2.lib SDL2_mixer.lib glew32.lib SDL2main.lib SDL2_image.lib OpenGL32.lib /MANIFEST /MANIFESTUAC:"level='asInvoker' uiAccess='false'" /manifest:embed /DEBUG /PDB:"C:\Users\Matthew\Desktop\gitStuff\mkl\CS3113\assignment5\Debug\assignment5.pdb" /SUBSYSTEM:WINDOWS /TLBID:1 /DYNAMICBASE /NXCOMPAT /IMPLIB:"C:\Users\Matthew\Desktop\gitStuff\mkl\CS3113\assignment5\Debug\assignment5.lib" /MACHINE:X86 Debug\main.obj
         Debug\Matrix.obj
         Debug\ShaderProgram.obj
         assignment5.vcxproj -> C:\Users\Matthew\Desktop\gitStuff\mkl\CS3113\assignment5\Debug\assignment5.exe
     1>Done Building Project "C:\Users\Matthew\Desktop\gitStuff\mkl\CS3113\assignment5\assignment5\assignment5.vcxproj" (Build target(s)).

Build succeeded.

Time Elapsed 00:00:00.97
