Build started 12/3/2016 10:13:06 PM.
     1>Project "C:\Users\Matthew\Desktop\gitStuff\mkl\CS3113\assignment3\assignment3\assignment3.vcxproj" on node 2 (Build target(s)).
     1>C:\Program Files (x86)\MSBuild\Microsoft.Cpp\v4.0\V120\Microsoft.CppBuild.targets(388,5): warning MSB8028: The intermediate directory (Debug\) contains files shared from another project (assignment1.vcxproj, assignment2.vcxproj).  This can lead to incorrect clean and rebuild behavior.
     1>ClCompile:
         C:\Program Files (x86)\Microsoft Visual Studio 12.0\VC\bin\CL.exe /c /IC:\SDL2\include /IC:\SDL2_image\include /IC:\glew\include /IC:\SDL2_mixer\include /ZI /nologo /W3 /WX- /sdl /Od /Oy- /D _WINDOWS /D _MBCS /D _MBCS /Gm /EHsc /RTC1 /MDd /GS /fp:precise /Zc:wchar_t /Zc:forScope /Fo"Debug\\" /Fd"Debug\vc120.pdb" /Gd /TP /analyze- /errorReport:prompt main.cpp
         main.cpp
     1>c:\users\matthew\desktop\gitstuff\mkl\cs3113\assignment3\assignment3\main.cpp(108): warning C4244: 'initializing' : conversion from 'double' to 'float', possible loss of data
     1>c:\users\matthew\desktop\gitstuff\mkl\cs3113\assignment3\assignment3\main.cpp(109): warning C4244: 'initializing' : conversion from 'double' to 'float', possible loss of data
     1>c:\users\matthew\desktop\gitstuff\mkl\cs3113\assignment3\assignment3\main.cpp(170): warning C4305: 'argument' : truncation from 'double' to 'float'
     1>c:\users\matthew\desktop\gitstuff\mkl\cs3113\assignment3\assignment3\main.cpp(177): warning C4305: 'argument' : truncation from 'double' to 'float'
     1>c:\users\matthew\desktop\gitstuff\mkl\cs3113\assignment3\assignment3\main.cpp(185): warning C4305: 'initializing' : truncation from 'double' to 'float'
     1>c:\users\matthew\desktop\gitstuff\mkl\cs3113\assignment3\assignment3\main.cpp(216): warning C4244: 'argument' : conversion from 'double' to 'float', possible loss of data
     1>c:\users\matthew\desktop\gitstuff\mkl\cs3113\assignment3\assignment3\main.cpp(233): warning C4244: '=' : conversion from 'double' to 'int', possible loss of data
     1>c:\users\matthew\desktop\gitstuff\mkl\cs3113\assignment3\assignment3\main.cpp(236): warning C4244: '=' : conversion from 'double' to 'int', possible loss of data
     1>c:\users\matthew\desktop\gitstuff\mkl\cs3113\assignment3\assignment3\main.cpp(256): warning C4305: '=' : truncation from 'double' to 'float'
     1>c:\users\matthew\desktop\gitstuff\mkl\cs3113\assignment3\assignment3\main.cpp(259): warning C4305: '=' : truncation from 'double' to 'float'
     1>c:\users\matthew\desktop\gitstuff\mkl\cs3113\assignment3\assignment3\main.cpp(277): warning C4018: '<' : signed/unsigned mismatch
     1>c:\users\matthew\desktop\gitstuff\mkl\cs3113\assignment3\assignment3\main.cpp(308): warning C4305: '=' : truncation from 'double' to 'float'
     1>c:\users\matthew\desktop\gitstuff\mkl\cs3113\assignment3\assignment3\main.cpp(317): warning C4018: '<' : signed/unsigned mismatch
     1>c:\users\matthew\desktop\gitstuff\mkl\cs3113\assignment3\assignment3\main.cpp(330): warning C4305: 'argument' : truncation from 'double' to 'float'
     1>c:\users\matthew\desktop\gitstuff\mkl\cs3113\assignment3\assignment3\main.cpp(338): warning C4018: '<' : signed/unsigned mismatch
     1>c:\users\matthew\desktop\gitstuff\mkl\cs3113\assignment3\assignment3\main.cpp(349): warning C4018: '<' : signed/unsigned mismatch
     1>c:\users\matthew\desktop\gitstuff\mkl\cs3113\assignment3\assignment3\main.cpp(369): warning C4018: '<' : signed/unsigned mismatch
     1>c:\users\matthew\desktop\gitstuff\mkl\cs3113\assignment3\assignment3\main.cpp(386): warning C4018: '<' : signed/unsigned mismatch
     1>c:\users\matthew\desktop\gitstuff\mkl\cs3113\assignment3\assignment3\main.cpp(404): warning C4305: 'argument' : truncation from 'double' to 'float'
     1>c:\users\matthew\desktop\gitstuff\mkl\cs3113\assignment3\assignment3\main.cpp(411): warning C4305: '=' : truncation from 'double' to 'float'
       Link:
         C:\Program Files (x86)\Microsoft Visual Studio 12.0\VC\bin\link.exe /ERRORREPORT:PROMPT /OUT:"C:\Users\Matthew\Desktop\gitStuff\mkl\CS3113\assignment3\Debug\assignment3.exe" /INCREMENTAL /NOLOGO /LIBPATH:C:\SDL2_mixer\lib\x86 /LIBPATH:C:\SDL2\lib\x86 /LIBPATH:C:\SDL2_image\lib\x86 /LIBPATH:C:\glew\lib\Release\Win32 SDL2.lib SDL2_mixer.lib glew32.lib SDL2main.lib SDL2_image.lib OpenGL32.lib /MANIFEST /MANIFESTUAC:"level='asInvoker' uiAccess='false'" /manifest:embed /DEBUG /PDB:"C:\Users\Matthew\Desktop\gitStuff\mkl\CS3113\assignment3\Debug\assignment3.pdb" /SUBSYSTEM:WINDOWS /TLBID:1 /DYNAMICBASE /NXCOMPAT /IMPLIB:"C:\Users\Matthew\Desktop\gitStuff\mkl\CS3113\assignment3\Debug\assignment3.lib" /MACHINE:X86 Debug\main.obj
         Debug\Matrix.obj
         Debug\ShaderProgram.obj
         assignment3.vcxproj -> C:\Users\Matthew\Desktop\gitStuff\mkl\CS3113\assignment3\Debug\assignment3.exe
     1>Done Building Project "C:\Users\Matthew\Desktop\gitStuff\mkl\CS3113\assignment3\assignment3\assignment3.vcxproj" (Build target(s)).

Build succeeded.

Time Elapsed 00:00:01.23
