Build started 10/2/2016 5:18:55 AM.
     1>Project "C:\Users\Matthew\Desktop\gitStuff\mkl\CS3113\assignment2\assignment2\assignment2.vcxproj" on node 2 (Build target(s)).
     1>C:\Program Files (x86)\MSBuild\Microsoft.Cpp\v4.0\V120\Microsoft.CppBuild.targets(388,5): warning MSB8028: The intermediate directory (Debug\) contains files shared from another project (assignment1.vcxproj).  This can lead to incorrect clean and rebuild behavior.
     1>ClCompile:
         C:\Program Files (x86)\Microsoft Visual Studio 12.0\VC\bin\CL.exe /c /IC:\SDL2\include /IC:\SDL2_image\include /IC:\glew\include /IC:\SDL2_mixer\include /ZI /nologo /W3 /WX- /sdl /Od /Oy- /D _WINDOWS /D _MBCS /D _MBCS /Gm /EHsc /RTC1 /MDd /GS /fp:precise /Zc:wchar_t /Zc:forScope /Fo"Debug\\" /Fd"Debug\vc120.pdb" /Gd /TP /analyze- /errorReport:prompt main.cpp
         main.cpp
     1>c:\users\matthew\desktop\gitstuff\mkl\cs3113\assignment2\assignment2\main.cpp(76): warning C4305: 'argument' : truncation from 'double' to 'float'
     1>c:\users\matthew\desktop\gitstuff\mkl\cs3113\assignment2\assignment2\main.cpp(101): warning C4244: '=' : conversion from 'double' to 'int', possible loss of data
     1>c:\users\matthew\desktop\gitstuff\mkl\cs3113\assignment2\assignment2\main.cpp(103): warning C4244: '=' : conversion from 'double' to 'int', possible loss of data
     1>c:\users\matthew\desktop\gitstuff\mkl\cs3113\assignment2\assignment2\main.cpp(110): warning C4244: '=' : conversion from 'double' to 'int', possible loss of data
     1>c:\users\matthew\desktop\gitstuff\mkl\cs3113\assignment2\assignment2\main.cpp(112): warning C4244: '=' : conversion from 'double' to 'int', possible loss of data
     1>c:\users\matthew\desktop\gitstuff\mkl\cs3113\assignment2\assignment2\main.cpp(121): warning C4305: '=' : truncation from 'double' to 'float'
     1>c:\users\matthew\desktop\gitstuff\mkl\cs3113\assignment2\assignment2\main.cpp(123): warning C4305: '=' : truncation from 'double' to 'float'
     1>c:\users\matthew\desktop\gitstuff\mkl\cs3113\assignment2\assignment2\main.cpp(130): warning C4305: '=' : truncation from 'double' to 'float'
     1>c:\users\matthew\desktop\gitstuff\mkl\cs3113\assignment2\assignment2\main.cpp(133): warning C4305: '=' : truncation from 'double' to 'float'
     1>c:\users\matthew\desktop\gitstuff\mkl\cs3113\assignment2\assignment2\main.cpp(147): warning C4244: '+=' : conversion from 'double' to 'float', possible loss of data
     1>c:\users\matthew\desktop\gitstuff\mkl\cs3113\assignment2\assignment2\main.cpp(148): warning C4244: '+=' : conversion from 'double' to 'float', possible loss of data
     1>c:\users\matthew\desktop\gitstuff\mkl\cs3113\assignment2\assignment2\main.cpp(169): warning C4305: 'initializing' : truncation from 'double' to 'float'
     1>c:\users\matthew\desktop\gitstuff\mkl\cs3113\assignment2\assignment2\main.cpp(169): warning C4244: 'initializing' : conversion from 'double' to 'float', possible loss of data
     1>c:\users\matthew\desktop\gitstuff\mkl\cs3113\assignment2\assignment2\main.cpp(181): warning C4305: 'initializing' : truncation from 'double' to 'float'
     1>c:\users\matthew\desktop\gitstuff\mkl\cs3113\assignment2\assignment2\main.cpp(181): warning C4244: 'initializing' : conversion from 'double' to 'float', possible loss of data
     1>c:\users\matthew\desktop\gitstuff\mkl\cs3113\assignment2\assignment2\main.cpp(194): warning C4244: 'initializing' : conversion from 'double' to 'float', possible loss of data
     1>c:\users\matthew\desktop\gitstuff\mkl\cs3113\assignment2\assignment2\main.cpp(194): warning C4305: 'initializing' : truncation from 'double' to 'float'
     1>c:\users\matthew\desktop\gitstuff\mkl\cs3113\assignment2\assignment2\main.cpp(208): warning C4244: 'initializing' : conversion from 'double' to 'float', possible loss of data
       Link:
         C:\Program Files (x86)\Microsoft Visual Studio 12.0\VC\bin\link.exe /ERRORREPORT:PROMPT /OUT:"C:\Users\Matthew\Desktop\gitStuff\mkl\CS3113\assignment2\Debug\assignment2.exe" /INCREMENTAL /NOLOGO /LIBPATH:C:\SDL2_mixer\lib\x86 /LIBPATH:C:\SDL2\lib\x86 /LIBPATH:C:\SDL2_image\lib\x86 /LIBPATH:C:\glew\lib\Release\Win32 SDL2.lib SDL2_mixer.lib glew32.lib SDL2main.lib SDL2_image.lib OpenGL32.lib /MANIFEST /MANIFESTUAC:"level='asInvoker' uiAccess='false'" /manifest:embed /DEBUG /PDB:"C:\Users\Matthew\Desktop\gitStuff\mkl\CS3113\assignment2\Debug\assignment2.pdb" /SUBSYSTEM:WINDOWS /TLBID:1 /DYNAMICBASE /NXCOMPAT /IMPLIB:"C:\Users\Matthew\Desktop\gitStuff\mkl\CS3113\assignment2\Debug\assignment2.lib" /MACHINE:X86 Debug\main.obj
         Debug\Matrix.obj
         Debug\ShaderProgram.obj
         assignment2.vcxproj -> C:\Users\Matthew\Desktop\gitStuff\mkl\CS3113\assignment2\Debug\assignment2.exe
     1>Done Building Project "C:\Users\Matthew\Desktop\gitStuff\mkl\CS3113\assignment2\assignment2\assignment2.vcxproj" (Build target(s)).

Build succeeded.

Time Elapsed 00:00:02.72
